<?xml version="1.0" encoding="UTF-8"?>
<!-- Generated by org.testng.reporters.JUnitXMLReporter -->
<testsuite ignored="0" hostname="DESKTOP-GP99FID" failures="0" tests="4" name="Default test" time="1.322" errors="0" timestamp="2022-12-15T16:44:31 IST">
  <testcase classname="seleniumDataDrivenpkg.ArrayExcel" name="testData" time="0.009"/>
  <testcase classname="seleniumDataDrivenpkg.ArrayExcel" name="testData" time="0.002"/>
  <testcase classname="seleniumDataDrivenpkg.ArrayExcel" name="testData" time="0.007"/>
  <testcase classname="seleniumDataDrivenpkg.ArrayExcel" name="testData" time="0.009"/>
</testsuite> <!-- Default test -->
