<?xml version="1.0" encoding="UTF-8"?>
<testng-results ignored="0" total="4" passed="4" failed="0" skipped="0">
  <reporter-output>
  </reporter-output>
  <suite started-at="2022-12-15T16:44:30 IST" name="Default suite" finished-at="2022-12-15T16:44:31 IST" duration-ms="1322">
    <groups>
    </groups>
    <test started-at="2022-12-15T16:44:30 IST" name="Default test" finished-at="2022-12-15T16:44:31 IST" duration-ms="1322">
      <class name="seleniumDataDrivenpkg.ArrayExcel">
        <test-method signature="testData(java.lang.String,java.lang.String,java.lang.String)[pri:0, instance:seleniumDataDrivenpkg.ArrayExcel@22ff4249]" started-at="2022-12-15T16:44:31 IST" name="testData" data-provider="excell" finished-at="2022-12-15T16:44:31 IST" duration-ms="9" status="PASS">
          <params>
            <param index="0">
              <value>
                <![CDATA[abc]]>
              </value>
            </param>
            <param index="1">
              <value>
                <![CDATA[Cricket]]>
              </value>
            </param>
            <param index="2">
              <value>
                <![CDATA[15]]>
              </value>
            </param>
          </params>
          <reporter-output>
          </reporter-output>
        </test-method> <!-- testData -->
        <test-method signature="testData(java.lang.String,java.lang.String,java.lang.String)[pri:0, instance:seleniumDataDrivenpkg.ArrayExcel@22ff4249]" started-at="2022-12-15T16:44:31 IST" name="testData" data-provider="excell" finished-at="2022-12-15T16:44:31 IST" duration-ms="2" status="PASS">
          <params>
            <param index="0">
              <value>
                <![CDATA[xyz]]>
              </value>
            </param>
            <param index="1">
              <value>
                <![CDATA[Fball]]>
              </value>
            </param>
            <param index="2">
              <value>
                <![CDATA[689]]>
              </value>
            </param>
          </params>
          <reporter-output>
          </reporter-output>
        </test-method> <!-- testData -->
        <test-method signature="testData(java.lang.String,java.lang.String,java.lang.String)[pri:0, instance:seleniumDataDrivenpkg.ArrayExcel@22ff4249]" started-at="2022-12-15T16:44:31 IST" name="testData" data-provider="excell" finished-at="2022-12-15T16:44:31 IST" duration-ms="7" status="PASS">
          <params>
            <param index="0">
              <value>
                <![CDATA[asd]]>
              </value>
            </param>
            <param index="1">
              <value>
                <![CDATA[Vball]]>
              </value>
            </param>
            <param index="2">
              <value>
                <![CDATA[74]]>
              </value>
            </param>
          </params>
          <reporter-output>
          </reporter-output>
        </test-method> <!-- testData -->
        <test-method signature="testData(java.lang.String,java.lang.String,java.lang.String)[pri:0, instance:seleniumDataDrivenpkg.ArrayExcel@22ff4249]" started-at="2022-12-15T16:44:31 IST" name="testData" data-provider="excell" finished-at="2022-12-15T16:44:31 IST" duration-ms="9" status="PASS">
          <params>
            <param index="0">
              <value>
                <![CDATA[jkl]]>
              </value>
            </param>
            <param index="1">
              <value>
                <![CDATA[Care]]>
              </value>
            </param>
            <param index="2">
              <value>
                <![CDATA[176]]>
              </value>
            </param>
          </params>
          <reporter-output>
          </reporter-output>
        </test-method> <!-- testData -->
      </class> <!-- seleniumDataDrivenpkg.ArrayExcel -->
    </test> <!-- Default test -->
  </suite> <!-- Default suite -->
</testng-results>
